[debug] [2025-01-07T09:17:17.606Z] ----------------------------------------------------------------------
[debug] [2025-01-07T09:17:17.607Z] Command:       /usr/local/bin/node /usr/local/bin/firebase deploy --only hosting
[debug] [2025-01-07T09:17:17.607Z] CLI Version:   13.29.1
[debug] [2025-01-07T09:17:17.607Z] Platform:      darwin
[debug] [2025-01-07T09:17:17.608Z] Node Version:  v20.18.0
[debug] [2025-01-07T09:17:17.608Z] Time:          Tue Jan 07 2025 04:17:17 GMT-0500 (Eastern Standard Time)
[debug] [2025-01-07T09:17:17.608Z] ----------------------------------------------------------------------
[debug] 
[debug] [2025-01-07T09:17:17.638Z] Object ".emulators.hosting" in "firebase.json" has unknown property: {"additionalProperty":"source"}
[debug] [2025-01-07T09:17:17.640Z] > command requires scopes: ["email","openid","https://www.googleapis.com/auth/cloudplatformprojects.readonly","https://www.googleapis.com/auth/firebase","https://www.googleapis.com/auth/cloud-platform"]
[debug] [2025-01-07T09:17:17.640Z] > authorizing via signed-in user (cjohndesign@gmail.com)
[debug] [2025-01-07T09:17:17.640Z] [iam] checking project gouda-company for permissions ["firebase.projects.get","firebasehosting.sites.update"]
[debug] [2025-01-07T09:17:17.640Z] Checked if tokens are valid: false, expires at: 1736241699390
[debug] [2025-01-07T09:17:17.640Z] Checked if tokens are valid: false, expires at: 1736241699390
[debug] [2025-01-07T09:17:17.640Z] > refreshing access token with scopes: []
[debug] [2025-01-07T09:17:17.641Z] >>> [apiv2][query] POST https://www.googleapis.com/oauth2/v3/token [none]
[debug] [2025-01-07T09:17:17.641Z] >>> [apiv2][body] POST https://www.googleapis.com/oauth2/v3/token [omitted]
[debug] [2025-01-07T09:17:17.751Z] <<< [apiv2][status] POST https://www.googleapis.com/oauth2/v3/token 200
[debug] [2025-01-07T09:17:17.751Z] <<< [apiv2][body] POST https://www.googleapis.com/oauth2/v3/token [omitted]
[debug] [2025-01-07T09:17:17.761Z] >>> [apiv2][query] POST https://cloudresourcemanager.googleapis.com/v1/projects/gouda-company:testIamPermissions [none]
[debug] [2025-01-07T09:17:17.761Z] >>> [apiv2][(partial)header] POST https://cloudresourcemanager.googleapis.com/v1/projects/gouda-company:testIamPermissions x-goog-quota-user=projects/gouda-company
[debug] [2025-01-07T09:17:17.761Z] >>> [apiv2][body] POST https://cloudresourcemanager.googleapis.com/v1/projects/gouda-company:testIamPermissions {"permissions":["firebase.projects.get","firebasehosting.sites.update"]}
[debug] [2025-01-07T09:17:17.930Z] <<< [apiv2][status] POST https://cloudresourcemanager.googleapis.com/v1/projects/gouda-company:testIamPermissions 200
[debug] [2025-01-07T09:17:17.930Z] <<< [apiv2][body] POST https://cloudresourcemanager.googleapis.com/v1/projects/gouda-company:testIamPermissions {"permissions":["firebase.projects.get","firebasehosting.sites.update"]}
[debug] [2025-01-07T09:17:17.931Z] Checked if tokens are valid: true, expires at: 1736245036751
[debug] [2025-01-07T09:17:17.931Z] Checked if tokens are valid: true, expires at: 1736245036751
[debug] [2025-01-07T09:17:17.931Z] >>> [apiv2][query] GET https://firebase.googleapis.com/v1beta1/projects/gouda-company [none]
[debug] [2025-01-07T09:17:18.296Z] <<< [apiv2][status] GET https://firebase.googleapis.com/v1beta1/projects/gouda-company 200
[debug] [2025-01-07T09:17:18.296Z] <<< [apiv2][body] GET https://firebase.googleapis.com/v1beta1/projects/gouda-company {"projectId":"gouda-company","projectNumber":"694200444660","displayName":"Gouda","name":"projects/gouda-company","resources":{"hostingSite":"gouda-company","storageBucket":"gouda-company.appspot.com","locationId":"us-central"},"state":"ACTIVE","etag":"1_08671e98-1a5e-46a0-b389-4489369e40e2"}
[debug] [2025-01-07T09:17:19.139Z] defaultcredentials: writing to file /Users/cjohndesign/.config/firebase/cjohndesign_gmail_com_application_default_credentials.json
[debug] [2025-01-07T09:17:19.141Z] Checked if tokens are valid: true, expires at: 1736245036751
[debug] [2025-01-07T09:17:19.141Z] Checked if tokens are valid: true, expires at: 1736245036751
[debug] [2025-01-07T09:17:19.141Z] >>> [apiv2][query] GET https://firebasehosting.googleapis.com/v1beta1/projects/gouda-company/sites pageToken=&pageSize=10
[debug] [2025-01-07T09:17:19.541Z] <<< [apiv2][status] GET https://firebasehosting.googleapis.com/v1beta1/projects/gouda-company/sites 200
[debug] [2025-01-07T09:17:19.541Z] <<< [apiv2][body] GET https://firebasehosting.googleapis.com/v1beta1/projects/gouda-company/sites {"sites":[{"name":"projects/gouda-company/sites/gouda-company","defaultUrl":"https://gouda-company.web.app","appId":"1:694200444660:web:f9ef01bfda90fc63a6a0a1","type":"DEFAULT_SITE"}]}
[debug] [2025-01-07T09:17:19.542Z] Checked if tokens are valid: true, expires at: 1736245036751
[debug] [2025-01-07T09:17:19.542Z] Checked if tokens are valid: true, expires at: 1736245036751
[debug] [2025-01-07T09:17:19.542Z] >>> [apiv2][query] GET https://firebase.googleapis.com/v1beta1/projects/-/webApps/1:694200444660:web:f9ef01bfda90fc63a6a0a1/config [none]
[debug] [2025-01-07T09:17:20.131Z] <<< [apiv2][status] GET https://firebase.googleapis.com/v1beta1/projects/-/webApps/1:694200444660:web:f9ef01bfda90fc63a6a0a1/config 200
[debug] [2025-01-07T09:17:20.131Z] <<< [apiv2][body] GET https://firebase.googleapis.com/v1beta1/projects/-/webApps/1:694200444660:web:f9ef01bfda90fc63a6a0a1/config {"projectId":"gouda-company","appId":"1:694200444660:web:f9ef01bfda90fc63a6a0a1","storageBucket":"gouda-company.appspot.com","locationId":"us-central","apiKey":"AIzaSyBESSIfnnHcChqLnEPGGRdYuQBAx_kGTjs","authDomain":"gouda-company.firebaseapp.com","messagingSenderId":"694200444660","measurementId":"G-1L66RSFLQ7"}
[info] 
   Thank you for trying our early preview of Next.js support on Firebase Hosting.
   During the preview, support is best-effort and breaking changes can be expected. Proceed with caution.
   The integration is known to work with Next.js version 12 - 15.0. You may encounter errors.

   Documentation: https://firebase.google.com/docs/hosting/frameworks/nextjs
   File a bug: https://github.com/firebase/firebase-tools/issues/new?template=bug_report.md
   Submit a feature request: https://github.com/firebase/firebase-tools/issues/new?template=feature_request.md

   We'd love to learn from you. Express your interest in helping us shape the future of Firebase Hosting: https://goo.gle/41enW5X

[debug] [2025-01-07T09:17:21.834Z] Checked if tokens are valid: true, expires at: 1736245036751
[debug] [2025-01-07T09:17:21.834Z] Checked if tokens are valid: true, expires at: 1736245036751
[debug] [2025-01-07T09:17:21.834Z] >>> [apiv2][query] GET https://firebasehosting.googleapis.com/v1beta1/projects/gouda-company/sites/gouda-company [none]
[debug] [2025-01-07T09:17:21.952Z] <<< [apiv2][status] GET https://firebasehosting.googleapis.com/v1beta1/projects/gouda-company/sites/gouda-company 200
[debug] [2025-01-07T09:17:21.952Z] <<< [apiv2][body] GET https://firebasehosting.googleapis.com/v1beta1/projects/gouda-company/sites/gouda-company {"name":"projects/gouda-company/sites/gouda-company","defaultUrl":"https://gouda-company.web.app","appId":"1:694200444660:web:f9ef01bfda90fc63a6a0a1","type":"DEFAULT_SITE"}
[info]    ▲ Next.js 15.1.3

[info]    - Environments: .env.local, .env.production


[info]    Creating an optimized production build ...

[info]  ✓ Compiled successfully

[info]    Skipping validation of types

[info]    Linting ...

[info]    Collecting page data ...

[info]    Generating static pages (0/21) ...

[info]    Generating static pages (5/21) 

[info]    Generating static pages (10/21) 
   Generating static pages (15/21) 

[info]  ✓ Generating static pages (21/21)

[info]    Finalizing page optimization ...

[info]    Collecting build traces ...

